{"C:\\Projects\\pm-prj-2\\src\\components\\login.js": {"path":"C:\\Projects\\pm-prj-2\\src\\components\\login.js","statementMap":{"0":{"start":{"line":8,"column":39},"end":{"line":11,"column":6}},"1":{"start":{"line":13,"column":28},"end":{"line":13,"column":57}},"2":{"start":{"line":14,"column":44},"end":{"line":14,"column":56}},"3":{"start":{"line":15,"column":21},"end":{"line":15,"column":34}},"4":{"start":{"line":17,"column":25},"end":{"line":30,"column":5}},"5":{"start":{"line":18,"column":8},"end":{"line":18,"column":27}},"6":{"start":{"line":20,"column":8},"end":{"line":29,"column":11}},"7":{"start":{"line":21,"column":12},"end":{"line":26,"column":13}},"8":{"start":{"line":22,"column":16},"end":{"line":22,"column":32}},"9":{"start":{"line":23,"column":16},"end":{"line":23,"column":30}},"10":{"start":{"line":25,"column":16},"end":{"line":25,"column":60}},"11":{"start":{"line":28,"column":12},"end":{"line":28,"column":40}},"12":{"start":{"line":32,"column":4},"end":{"line":71,"column":15}},"13":{"start":{"line":68,"column":16},"end":{"line":68,"column":96}}},"fnMap":{"0":{"name":"Login","decl":{"start":{"line":7,"column":9},"end":{"line":7,"column":14}},"loc":{"start":{"line":7,"column":17},"end":{"line":72,"column":1}},"line":7},"1":{"name":"(anonymous_1)","decl":{"start":{"line":17,"column":25},"end":{"line":17,"column":26}},"loc":{"start":{"line":17,"column":32},"end":{"line":30,"column":5}},"line":17},"2":{"name":"(anonymous_2)","decl":{"start":{"line":20,"column":39},"end":{"line":20,"column":40}},"loc":{"start":{"line":20,"column":51},"end":{"line":27,"column":9}},"line":20},"3":{"name":"(anonymous_3)","decl":{"start":{"line":27,"column":17},"end":{"line":27,"column":18}},"loc":{"start":{"line":27,"column":28},"end":{"line":29,"column":9}},"line":27},"4":{"name":"(anonymous_4)","decl":{"start":{"line":67,"column":30},"end":{"line":67,"column":31}},"loc":{"start":{"line":67,"column":41},"end":{"line":69,"column":13}},"line":67}},"branchMap":{"0":{"loc":{"start":{"line":21,"column":12},"end":{"line":26,"column":13}},"type":"if","locations":[{"start":{"line":21,"column":12},"end":{"line":26,"column":13}},{"start":{"line":24,"column":19},"end":{"line":26,"column":13}}],"line":21}},"s":{"0":5,"1":5,"2":5,"3":5,"4":5,"5":2,"6":2,"7":2,"8":1,"9":1,"10":1,"11":0,"12":5,"13":1},"f":{"0":5,"1":2,"2":2,"3":0,"4":1},"b":{"0":[1,1]},"_coverageSchema":"1a1c01bbd47fc00a2c39e90264f33305004495a9","hash":"c4edad208db91efd67a3e560e2b3f770291ce79a"}
,"C:\\Projects\\pm-prj-2\\src\\components\\register.js": {"path":"C:\\Projects\\pm-prj-2\\src\\components\\register.js","statementMap":{"0":{"start":{"line":7,"column":17},"end":{"line":102,"column":1}},"1":{"start":{"line":8,"column":39},"end":{"line":13,"column":6}},"2":{"start":{"line":15,"column":28},"end":{"line":15,"column":57}},"3":{"start":{"line":16,"column":44},"end":{"line":16,"column":56}},"4":{"start":{"line":17,"column":21},"end":{"line":17,"column":34}},"5":{"start":{"line":19,"column":25},"end":{"line":41,"column":5}},"6":{"start":{"line":20,"column":8},"end":{"line":20,"column":27}},"7":{"start":{"line":22,"column":8},"end":{"line":25,"column":9}},"8":{"start":{"line":23,"column":12},"end":{"line":23,"column":97}},"9":{"start":{"line":24,"column":12},"end":{"line":24,"column":19}},"10":{"start":{"line":27,"column":8},"end":{"line":40,"column":11}},"11":{"start":{"line":32,"column":12},"end":{"line":37,"column":13}},"12":{"start":{"line":33,"column":16},"end":{"line":33,"column":32}},"13":{"start":{"line":34,"column":16},"end":{"line":34,"column":30}},"14":{"start":{"line":36,"column":16},"end":{"line":36,"column":60}},"15":{"start":{"line":39,"column":12},"end":{"line":39,"column":109}},"16":{"start":{"line":43,"column":4},"end":{"line":101,"column":5}},"17":{"start":{"line":97,"column":20},"end":{"line":97,"column":100}}},"fnMap":{"0":{"name":"(anonymous_0)","decl":{"start":{"line":7,"column":17},"end":{"line":7,"column":18}},"loc":{"start":{"line":7,"column":23},"end":{"line":102,"column":1}},"line":7},"1":{"name":"(anonymous_1)","decl":{"start":{"line":19,"column":25},"end":{"line":19,"column":26}},"loc":{"start":{"line":19,"column":32},"end":{"line":41,"column":5}},"line":19},"2":{"name":"(anonymous_2)","decl":{"start":{"line":31,"column":16},"end":{"line":31,"column":17}},"loc":{"start":{"line":31,"column":28},"end":{"line":38,"column":9}},"line":31},"3":{"name":"(anonymous_3)","decl":{"start":{"line":38,"column":17},"end":{"line":38,"column":18}},"loc":{"start":{"line":38,"column":28},"end":{"line":40,"column":9}},"line":38},"4":{"name":"(anonymous_4)","decl":{"start":{"line":96,"column":34},"end":{"line":96,"column":35}},"loc":{"start":{"line":96,"column":45},"end":{"line":98,"column":17}},"line":96}},"branchMap":{"0":{"loc":{"start":{"line":22,"column":8},"end":{"line":25,"column":9}},"type":"if","locations":[{"start":{"line":22,"column":8},"end":{"line":25,"column":9}},{"start":{},"end":{}}],"line":22},"1":{"loc":{"start":{"line":32,"column":12},"end":{"line":37,"column":13}},"type":"if","locations":[{"start":{"line":32,"column":12},"end":{"line":37,"column":13}},{"start":{"line":35,"column":19},"end":{"line":37,"column":13}}],"line":32}},"s":{"0":1,"1":5,"2":5,"3":5,"4":5,"5":5,"6":2,"7":2,"8":0,"9":0,"10":2,"11":2,"12":1,"13":1,"14":1,"15":0,"16":5,"17":1},"f":{"0":5,"1":2,"2":2,"3":0,"4":1},"b":{"0":[0,2],"1":[1,1]},"_coverageSchema":"1a1c01bbd47fc00a2c39e90264f33305004495a9","hash":"55cb4e65c24efad407686bc485c4c32efd12279b"}
,"C:\\Projects\\pm-prj-2\\src\\hooks\\useFormFields.js": {"path":"C:\\Projects\\pm-prj-2\\src\\hooks\\useFormFields.js","statementMap":{"0":{"start":{"line":3,"column":22},"end":{"line":15,"column":1}},"1":{"start":{"line":4,"column":36},"end":{"line":4,"column":59}},"2":{"start":{"line":6,"column":29},"end":{"line":12,"column":5}},"3":{"start":{"line":7,"column":30},"end":{"line":7,"column":38}},"4":{"start":{"line":8,"column":8},"end":{"line":11,"column":12}},"5":{"start":{"line":8,"column":31},"end":{"line":11,"column":9}},"6":{"start":{"line":14,"column":4},"end":{"line":14,"column":53}}},"fnMap":{"0":{"name":"(anonymous_0)","decl":{"start":{"line":3,"column":22},"end":{"line":3,"column":23}},"loc":{"start":{"line":3,"column":41},"end":{"line":15,"column":1}},"line":3},"1":{"name":"(anonymous_1)","decl":{"start":{"line":6,"column":29},"end":{"line":6,"column":30}},"loc":{"start":{"line":6,"column":36},"end":{"line":12,"column":5}},"line":6},"2":{"name":"(anonymous_2)","decl":{"start":{"line":8,"column":22},"end":{"line":8,"column":23}},"loc":{"start":{"line":8,"column":31},"end":{"line":11,"column":9}},"line":8}},"branchMap":{},"s":{"0":2,"1":10,"2":10,"3":0,"4":0,"5":0,"6":10},"f":{"0":10,"1":0,"2":0},"b":{},"_coverageSchema":"1a1c01bbd47fc00a2c39e90264f33305004495a9","hash":"80e5ee7e714306996b14cc379daf7414884be08f"}
,"C:\\Projects\\pm-prj-2\\src\\hooks\\useLocalStorage.js": {"path":"C:\\Projects\\pm-prj-2\\src\\hooks\\useLocalStorage.js","statementMap":{"0":{"start":{"line":3,"column":24},"end":{"line":12,"column":1}},"1":{"start":{"line":4,"column":30},"end":{"line":6,"column":6}},"2":{"start":{"line":5,"column":8},"end":{"line":5,"column":76}},"3":{"start":{"line":7,"column":4},"end":{"line":9,"column":21}},"4":{"start":{"line":8,"column":8},"end":{"line":8,"column":64}},"5":{"start":{"line":11,"column":4},"end":{"line":11,"column":29}}},"fnMap":{"0":{"name":"(anonymous_0)","decl":{"start":{"line":3,"column":24},"end":{"line":3,"column":25}},"loc":{"start":{"line":3,"column":47},"end":{"line":12,"column":1}},"line":3},"1":{"name":"(anonymous_1)","decl":{"start":{"line":4,"column":39},"end":{"line":4,"column":40}},"loc":{"start":{"line":4,"column":45},"end":{"line":6,"column":5}},"line":4},"2":{"name":"(anonymous_2)","decl":{"start":{"line":7,"column":14},"end":{"line":7,"column":15}},"loc":{"start":{"line":7,"column":20},"end":{"line":9,"column":5}},"line":7}},"branchMap":{"0":{"loc":{"start":{"line":5,"column":15},"end":{"line":5,"column":75}},"type":"binary-expr","locations":[{"start":{"line":5,"column":15},"end":{"line":5,"column":59}},{"start":{"line":5,"column":63},"end":{"line":5,"column":75}}],"line":5}},"s":{"0":2,"1":10,"2":6,"3":10,"4":0,"5":10},"f":{"0":10,"1":6,"2":0},"b":{"0":[6,6]},"_coverageSchema":"1a1c01bbd47fc00a2c39e90264f33305004495a9","hash":"fc312c2578ef3e2612b9b5e35ad574bc3fa781bc"}
,"C:\\Projects\\pm-prj-2\\src\\services\\BaseService.js": {"path":"C:\\Projects\\pm-prj-2\\src\\services\\BaseService.js","statementMap":{"0":{"start":{"line":4,"column":14},"end":{"line":4,"column":59}},"1":{"start":{"line":7,"column":21},"end":{"line":7,"column":68}},"2":{"start":{"line":8,"column":24},"end":{"line":10,"column":9}},"3":{"start":{"line":12,"column":8},"end":{"line":14,"column":9}},"4":{"start":{"line":13,"column":12},"end":{"line":13,"column":60}},"5":{"start":{"line":16,"column":8},"end":{"line":16,"column":23}},"6":{"start":{"line":20,"column":25},"end":{"line":23,"column":10}},"7":{"start":{"line":25,"column":8},"end":{"line":25,"column":37}},"8":{"start":{"line":29,"column":25},"end":{"line":34,"column":10}},"9":{"start":{"line":36,"column":8},"end":{"line":36,"column":37}},"10":{"start":{"line":40,"column":25},"end":{"line":44,"column":10}},"11":{"start":{"line":46,"column":8},"end":{"line":46,"column":37}},"12":{"start":{"line":50,"column":25},"end":{"line":54,"column":10}},"13":{"start":{"line":56,"column":8},"end":{"line":56,"column":37}}},"fnMap":{"0":{"name":"(anonymous_0)","decl":{"start":{"line":6,"column":4},"end":{"line":6,"column":5}},"loc":{"start":{"line":6,"column":30},"end":{"line":17,"column":5}},"line":6},"1":{"name":"(anonymous_1)","decl":{"start":{"line":19,"column":4},"end":{"line":19,"column":5}},"loc":{"start":{"line":19,"column":20},"end":{"line":26,"column":5}},"line":19},"2":{"name":"(anonymous_2)","decl":{"start":{"line":28,"column":4},"end":{"line":28,"column":5}},"loc":{"start":{"line":28,"column":26},"end":{"line":37,"column":5}},"line":28},"3":{"name":"(anonymous_3)","decl":{"start":{"line":39,"column":4},"end":{"line":39,"column":5}},"loc":{"start":{"line":39,"column":23},"end":{"line":47,"column":5}},"line":39},"4":{"name":"(anonymous_4)","decl":{"start":{"line":49,"column":4},"end":{"line":49,"column":5}},"loc":{"start":{"line":49,"column":42},"end":{"line":57,"column":5}},"line":49}},"branchMap":{"0":{"loc":{"start":{"line":6,"column":15},"end":{"line":6,"column":28}},"type":"default-arg","locations":[{"start":{"line":6,"column":24},"end":{"line":6,"column":28}}],"line":6},"1":{"loc":{"start":{"line":12,"column":8},"end":{"line":14,"column":9}},"type":"if","locations":[{"start":{"line":12,"column":8},"end":{"line":14,"column":9}},{"start":{},"end":{}}],"line":12},"2":{"loc":{"start":{"line":12,"column":12},"end":{"line":12,"column":28}},"type":"binary-expr","locations":[{"start":{"line":12,"column":12},"end":{"line":12,"column":20}},{"start":{"line":12,"column":24},"end":{"line":12,"column":28}}],"line":12},"3":{"loc":{"start":{"line":49,"column":27},"end":{"line":49,"column":40}},"type":"default-arg","locations":[{"start":{"line":49,"column":36},"end":{"line":49,"column":40}}],"line":49}},"s":{"0":2,"1":0,"2":0,"3":0,"4":0,"5":0,"6":0,"7":0,"8":0,"9":0,"10":0,"11":0,"12":0,"13":0},"f":{"0":0,"1":0,"2":0,"3":0,"4":0},"b":{"0":[0],"1":[0,0],"2":[0,0],"3":[0]},"_coverageSchema":"1a1c01bbd47fc00a2c39e90264f33305004495a9","hash":"1c63b681a96a1f52bc1015e5055bf7469537fb5b"}
,"C:\\Projects\\pm-prj-2\\src\\services\\UserService.js": {"path":"C:\\Projects\\pm-prj-2\\src\\services\\UserService.js","statementMap":{"0":{"start":{"line":6,"column":8},"end":{"line":6,"column":61}},"1":{"start":{"line":10,"column":8},"end":{"line":10,"column":52}}},"fnMap":{"0":{"name":"(anonymous_0)","decl":{"start":{"line":5,"column":4},"end":{"line":5,"column":5}},"loc":{"start":{"line":5,"column":25},"end":{"line":7,"column":5}},"line":5},"1":{"name":"(anonymous_1)","decl":{"start":{"line":9,"column":4},"end":{"line":9,"column":5}},"loc":{"start":{"line":9,"column":22},"end":{"line":11,"column":5}},"line":9}},"branchMap":{},"s":{"0":0,"1":0},"f":{"0":0,"1":0},"b":{},"_coverageSchema":"1a1c01bbd47fc00a2c39e90264f33305004495a9","hash":"0fce7fc6612175d2c2fc2988217d2f63beac53e2"}
,"C:\\Projects\\pm-prj-2\\src\\tests\\mock\\login.js": {"path":"C:\\Projects\\pm-prj-2\\src\\tests\\mock\\login.js","statementMap":{},"fnMap":{},"branchMap":{},"s":{},"f":{},"b":{},"_coverageSchema":"1a1c01bbd47fc00a2c39e90264f33305004495a9","hash":"77e57f6268ccbdcfe4f175cd57e443185d73cb7d"}
,"C:\\Projects\\pm-prj-2\\src\\tests\\mock\\login_fail_400.js": {"path":"C:\\Projects\\pm-prj-2\\src\\tests\\mock\\login_fail_400.js","statementMap":{},"fnMap":{},"branchMap":{},"s":{},"f":{},"b":{},"_coverageSchema":"1a1c01bbd47fc00a2c39e90264f33305004495a9","hash":"4128502f9363a9a7bcffb695713c13b8d121f271"}
,"C:\\Projects\\pm-prj-2\\src\\tests\\mock\\register.js": {"path":"C:\\Projects\\pm-prj-2\\src\\tests\\mock\\register.js","statementMap":{},"fnMap":{},"branchMap":{},"s":{},"f":{},"b":{},"_coverageSchema":"1a1c01bbd47fc00a2c39e90264f33305004495a9","hash":"731b04c051db2389b5e4708d5179798dc20eed0a"}
,"C:\\Projects\\pm-prj-2\\src\\tests\\mock\\register_fail_400.js": {"path":"C:\\Projects\\pm-prj-2\\src\\tests\\mock\\register_fail_400.js","statementMap":{},"fnMap":{},"branchMap":{},"s":{},"f":{},"b":{},"_coverageSchema":"1a1c01bbd47fc00a2c39e90264f33305004495a9","hash":"87de630a810c1790e29af1d8321f5fe63ef4a1c0"}
}
