{"C:\\Projects\\pm-prj-2\\src\\redux\\constants\\taskConst.js": {"path":"C:\\Projects\\pm-prj-2\\src\\redux\\constants\\taskConst.js","statementMap":{"0":{"start":{"line":1,"column":25},"end":{"line":1,"column":36}},"1":{"start":{"line":2,"column":27},"end":{"line":2,"column":40}},"2":{"start":{"line":3,"column":27},"end":{"line":3,"column":40}},"3":{"start":{"line":4,"column":27},"end":{"line":4,"column":40}}},"fnMap":{},"branchMap":{},"s":{"0":2,"1":2,"2":2,"3":2},"f":{},"b":{},"_coverageSchema":"1a1c01bbd47fc00a2c39e90264f33305004495a9","hash":"1107dce8ba768adeda56d51483d6606d856a7aa5"}
,"C:\\Projects\\pm-prj-2\\src\\redux\\constants\\userConsts.js": {"path":"C:\\Projects\\pm-prj-2\\src\\redux\\constants\\userConsts.js","statementMap":{"0":{"start":{"line":1,"column":25},"end":{"line":1,"column":36}}},"fnMap":{},"branchMap":{},"s":{"0":2},"f":{},"b":{},"_coverageSchema":"1a1c01bbd47fc00a2c39e90264f33305004495a9","hash":"1ca66fdc8e9c890710643f9db512d1ed3047c243"}
,"C:\\Projects\\pm-prj-2\\src\\services\\TaskService.js": {"path":"C:\\Projects\\pm-prj-2\\src\\services\\TaskService.js","statementMap":{"0":{"start":{"line":6,"column":21},"end":{"line":6,"column":44}},"1":{"start":{"line":7,"column":8},"end":{"line":7,"column":33}},"2":{"start":{"line":9,"column":8},"end":{"line":9,"column":20}},"3":{"start":{"line":13,"column":8},"end":{"line":13,"column":45}},"4":{"start":{"line":17,"column":8},"end":{"line":23,"column":9}},"5":{"start":{"line":18,"column":25},"end":{"line":18,"column":60}},"6":{"start":{"line":19,"column":12},"end":{"line":21,"column":13}},"7":{"start":{"line":20,"column":16},"end":{"line":20,"column":43}},"8":{"start":{"line":22,"column":12},"end":{"line":22,"column":24}},"9":{"start":{"line":27,"column":8},"end":{"line":32,"column":9}},"10":{"start":{"line":28,"column":24},"end":{"line":28,"column":55}},"11":{"start":{"line":29,"column":12},"end":{"line":29,"column":39}},"12":{"start":{"line":31,"column":12},"end":{"line":31,"column":24}},"13":{"start":{"line":37,"column":7},"end":{"line":40,"column":9}},"14":{"start":{"line":38,"column":12},"end":{"line":38,"column":45}},"15":{"start":{"line":39,"column":12},"end":{"line":39,"column":36}}},"fnMap":{"0":{"name":"(anonymous_0)","decl":{"start":{"line":5,"column":4},"end":{"line":5,"column":5}},"loc":{"start":{"line":5,"column":28},"end":{"line":10,"column":5}},"line":5},"1":{"name":"(anonymous_1)","decl":{"start":{"line":12,"column":4},"end":{"line":12,"column":5}},"loc":{"start":{"line":12,"column":22},"end":{"line":14,"column":5}},"line":12},"2":{"name":"(anonymous_2)","decl":{"start":{"line":16,"column":4},"end":{"line":16,"column":5}},"loc":{"start":{"line":16,"column":25},"end":{"line":24,"column":5}},"line":16},"3":{"name":"(anonymous_3)","decl":{"start":{"line":17,"column":15},"end":{"line":17,"column":16}},"loc":{"start":{"line":17,"column":35},"end":{"line":23,"column":9}},"line":17},"4":{"name":"(anonymous_4)","decl":{"start":{"line":26,"column":4},"end":{"line":26,"column":5}},"loc":{"start":{"line":26,"column":21},"end":{"line":34,"column":5}},"line":26},"5":{"name":"(anonymous_5)","decl":{"start":{"line":27,"column":15},"end":{"line":27,"column":16}},"loc":{"start":{"line":27,"column":35},"end":{"line":32,"column":9}},"line":27},"6":{"name":"(anonymous_6)","decl":{"start":{"line":36,"column":4},"end":{"line":36,"column":5}},"loc":{"start":{"line":36,"column":19},"end":{"line":41,"column":5}},"line":36},"7":{"name":"(anonymous_7)","decl":{"start":{"line":37,"column":14},"end":{"line":37,"column":15}},"loc":{"start":{"line":37,"column":34},"end":{"line":40,"column":9}},"line":37}},"branchMap":{"0":{"loc":{"start":{"line":19,"column":12},"end":{"line":21,"column":13}},"type":"if","locations":[{"start":{"line":19,"column":12},"end":{"line":21,"column":13}},{"start":{},"end":{}}],"line":19}},"s":{"0":1,"1":1,"2":1,"3":1,"4":1,"5":1,"6":1,"7":1,"8":1,"9":1,"10":1,"11":1,"12":1,"13":1,"14":1,"15":1},"f":{"0":1,"1":1,"2":1,"3":1,"4":1,"5":1,"6":1,"7":1},"b":{"0":[1,0]},"_coverageSchema":"1a1c01bbd47fc00a2c39e90264f33305004495a9","hash":"f20b7b6bd6a7fc29afc3c26a506abf326da05d83"}
,"C:\\Projects\\pm-prj-2\\src\\services\\UserService.js": {"path":"C:\\Projects\\pm-prj-2\\src\\services\\UserService.js","statementMap":{"0":{"start":{"line":7,"column":8},"end":{"line":13,"column":10}},"1":{"start":{"line":8,"column":29},"end":{"line":8,"column":80}},"2":{"start":{"line":9,"column":12},"end":{"line":11,"column":13}},"3":{"start":{"line":10,"column":16},"end":{"line":10,"column":43}},"4":{"start":{"line":12,"column":12},"end":{"line":12,"column":28}},"5":{"start":{"line":18,"column":8},"end":{"line":24,"column":10}},"6":{"start":{"line":19,"column":29},"end":{"line":19,"column":71}},"7":{"start":{"line":20,"column":12},"end":{"line":22,"column":13}},"8":{"start":{"line":21,"column":16},"end":{"line":21,"column":43}},"9":{"start":{"line":23,"column":12},"end":{"line":23,"column":28}}},"fnMap":{"0":{"name":"(anonymous_0)","decl":{"start":{"line":6,"column":4},"end":{"line":6,"column":5}},"loc":{"start":{"line":6,"column":19},"end":{"line":14,"column":5}},"line":6},"1":{"name":"(anonymous_1)","decl":{"start":{"line":7,"column":15},"end":{"line":7,"column":16}},"loc":{"start":{"line":7,"column":35},"end":{"line":13,"column":9}},"line":7},"2":{"name":"(anonymous_2)","decl":{"start":{"line":17,"column":4},"end":{"line":17,"column":5}},"loc":{"start":{"line":17,"column":16},"end":{"line":25,"column":5}},"line":17},"3":{"name":"(anonymous_3)","decl":{"start":{"line":18,"column":15},"end":{"line":18,"column":16}},"loc":{"start":{"line":18,"column":35},"end":{"line":24,"column":9}},"line":18}},"branchMap":{"0":{"loc":{"start":{"line":9,"column":12},"end":{"line":11,"column":13}},"type":"if","locations":[{"start":{"line":9,"column":12},"end":{"line":11,"column":13}},{"start":{},"end":{}}],"line":9},"1":{"loc":{"start":{"line":20,"column":12},"end":{"line":22,"column":13}},"type":"if","locations":[{"start":{"line":20,"column":12},"end":{"line":22,"column":13}},{"start":{},"end":{}}],"line":20}},"s":{"0":1,"1":1,"2":1,"3":1,"4":1,"5":1,"6":1,"7":1,"8":1,"9":1},"f":{"0":1,"1":1,"2":1,"3":1},"b":{"0":[1,0],"1":[1,0]},"_coverageSchema":"1a1c01bbd47fc00a2c39e90264f33305004495a9","hash":"253bfddc6734d07d938f05ce770d319d6f6879da"}
,"C:\\Projects\\pm-prj-2\\src\\tests\\mock\\createTaskFromService.js": {"path":"C:\\Projects\\pm-prj-2\\src\\tests\\mock\\createTaskFromService.js","statementMap":{},"fnMap":{},"branchMap":{},"s":{},"f":{},"b":{},"_coverageSchema":"1a1c01bbd47fc00a2c39e90264f33305004495a9","hash":"18eab2d849b7feb92293c1fbef5ddd864838502d"}
,"C:\\Projects\\pm-prj-2\\src\\tests\\mock\\deleteTaskFromService.js": {"path":"C:\\Projects\\pm-prj-2\\src\\tests\\mock\\deleteTaskFromService.js","statementMap":{},"fnMap":{},"branchMap":{},"s":{},"f":{},"b":{},"_coverageSchema":"1a1c01bbd47fc00a2c39e90264f33305004495a9","hash":"589d3cdbb7328da3fad7729a23e331e121d1cc84"}
,"C:\\Projects\\pm-prj-2\\src\\tests\\mock\\getCardFromService.js": {"path":"C:\\Projects\\pm-prj-2\\src\\tests\\mock\\getCardFromService.js","statementMap":{},"fnMap":{},"branchMap":{},"s":{},"f":{},"b":{},"_coverageSchema":"1a1c01bbd47fc00a2c39e90264f33305004495a9","hash":"6cefc96f1f0bf088a4e4d0e89e929567fc688311"}
,"C:\\Projects\\pm-prj-2\\src\\tests\\mock\\getCardsFromService.js": {"path":"C:\\Projects\\pm-prj-2\\src\\tests\\mock\\getCardsFromService.js","statementMap":{},"fnMap":{},"branchMap":{},"s":{},"f":{},"b":{},"_coverageSchema":"1a1c01bbd47fc00a2c39e90264f33305004495a9","hash":"657ecde57f8aa0ca3ac4eb99042a5129f342240b"}
,"C:\\Projects\\pm-prj-2\\src\\tests\\mock\\login.js": {"path":"C:\\Projects\\pm-prj-2\\src\\tests\\mock\\login.js","statementMap":{},"fnMap":{},"branchMap":{},"s":{},"f":{},"b":{},"_coverageSchema":"1a1c01bbd47fc00a2c39e90264f33305004495a9","hash":"77e57f6268ccbdcfe4f175cd57e443185d73cb7d"}
,"C:\\Projects\\pm-prj-2\\src\\tests\\mock\\updateCardService.js": {"path":"C:\\Projects\\pm-prj-2\\src\\tests\\mock\\updateCardService.js","statementMap":{},"fnMap":{},"branchMap":{},"s":{},"f":{},"b":{},"_coverageSchema":"1a1c01bbd47fc00a2c39e90264f33305004495a9","hash":"967692bcf0c14e78fab8369f796eaab606c925a7"}
}
