TN:
SF:src\components\login.js
FN:7,Login
FN:17,(anonymous_1)
FN:20,(anonymous_2)
FN:27,(anonymous_3)
FN:67,(anonymous_4)
FNF:5
FNH:4
FNDA:5,Login
FNDA:2,(anonymous_1)
FNDA:2,(anonymous_2)
FNDA:0,(anonymous_3)
FNDA:1,(anonymous_4)
DA:8,5
DA:13,5
DA:14,5
DA:15,5
DA:17,5
DA:18,2
DA:20,2
DA:21,2
DA:22,1
DA:23,1
DA:25,1
DA:28,0
DA:32,5
DA:68,1
LF:14
LH:13
BRDA:21,0,0,1
BRDA:21,0,1,1
BRF:2
BRH:2
end_of_record
TN:
SF:src\components\register.js
FN:7,(anonymous_0)
FN:19,(anonymous_1)
FN:31,(anonymous_2)
FN:38,(anonymous_3)
FN:96,(anonymous_4)
FNF:5
FNH:4
FNDA:5,(anonymous_0)
FNDA:2,(anonymous_1)
FNDA:2,(anonymous_2)
FNDA:0,(anonymous_3)
FNDA:1,(anonymous_4)
DA:7,1
DA:8,5
DA:15,5
DA:16,5
DA:17,5
DA:19,5
DA:20,2
DA:22,2
DA:23,0
DA:24,0
DA:27,2
DA:32,2
DA:33,1
DA:34,1
DA:36,1
DA:39,0
DA:43,5
DA:97,1
LF:18
LH:15
BRDA:22,0,0,0
BRDA:22,0,1,2
BRDA:32,1,0,1
BRDA:32,1,1,1
BRF:4
BRH:3
end_of_record
TN:
SF:src\hooks\useFormFields.js
FN:3,(anonymous_0)
FN:6,(anonymous_1)
FN:8,(anonymous_2)
FNF:3
FNH:1
FNDA:10,(anonymous_0)
FNDA:0,(anonymous_1)
FNDA:0,(anonymous_2)
DA:3,2
DA:4,10
DA:6,10
DA:7,0
DA:8,0
DA:14,10
LF:6
LH:4
BRF:0
BRH:0
end_of_record
TN:
SF:src\hooks\useLocalStorage.js
FN:3,(anonymous_0)
FN:4,(anonymous_1)
FN:7,(anonymous_2)
FNF:3
FNH:2
FNDA:10,(anonymous_0)
FNDA:6,(anonymous_1)
FNDA:0,(anonymous_2)
DA:3,2
DA:4,10
DA:5,6
DA:7,10
DA:8,0
DA:11,10
LF:6
LH:5
BRDA:5,0,0,6
BRDA:5,0,1,6
BRF:2
BRH:2
end_of_record
TN:
SF:src\services\BaseService.js
FN:6,(anonymous_0)
FN:19,(anonymous_1)
FN:28,(anonymous_2)
FN:39,(anonymous_3)
FN:49,(anonymous_4)
FNF:5
FNH:0
FNDA:0,(anonymous_0)
FNDA:0,(anonymous_1)
FNDA:0,(anonymous_2)
FNDA:0,(anonymous_3)
FNDA:0,(anonymous_4)
DA:4,2
DA:7,0
DA:8,0
DA:12,0
DA:13,0
DA:16,0
DA:20,0
DA:25,0
DA:29,0
DA:36,0
DA:40,0
DA:46,0
DA:50,0
DA:56,0
LF:14
LH:1
BRDA:6,0,0,0
BRDA:12,1,0,0
BRDA:12,1,1,0
BRDA:12,2,0,0
BRDA:12,2,1,0
BRDA:49,3,0,0
BRF:6
BRH:0
end_of_record
TN:
SF:src\services\UserService.js
FN:5,(anonymous_0)
FN:9,(anonymous_1)
FNF:2
FNH:0
FNDA:0,(anonymous_0)
FNDA:0,(anonymous_1)
DA:6,0
DA:10,0
LF:2
LH:0
BRF:0
BRH:0
end_of_record
TN:
SF:src\tests\mock\login.js
FNF:0
FNH:0
LF:0
LH:0
BRF:0
BRH:0
end_of_record
TN:
SF:src\tests\mock\login_fail_400.js
FNF:0
FNH:0
LF:0
LH:0
BRF:0
BRH:0
end_of_record
TN:
SF:src\tests\mock\register.js
FNF:0
FNH:0
LF:0
LH:0
BRF:0
BRH:0
end_of_record
TN:
SF:src\tests\mock\register_fail_400.js
FNF:0
FNH:0
LF:0
LH:0
BRF:0
BRH:0
end_of_record
